<?xml version="1.0" encoding="UTF-8"?>
<!-- Generated by org.testng.reporters.JUnitReportReporter -->
<testsuite hostname="DESKTOP-0IP6PRG" failures="0" tests="1" name="Auto.TestingTestNG" time="3.165" errors="0" timestamp="2023-12-06T16:37:54 IST" skipped="0">
  <testcase classname="Auto.TestingTestNG" name="test1" time="3.165"/>
</testsuite> <!-- Auto.TestingTestNG -->
