<?xml version="1.0" encoding="UTF-8"?>
<!-- Generated by org.testng.reporters.JUnitReportReporter -->
<testsuite hostname="DESKTOP-0IP6PRG" failures="0" tests="2" name="Auto.NewTest" time="0.017" errors="0" timestamp="2023-12-08T13:46:41 IST" skipped="0">
  <testcase classname="Auto.NewTest" name="TestMethod2" time="0.014"/>
  <testcase classname="Auto.NewTest" name="TestMethod1" time="0.003"/>
</testsuite> <!-- Auto.NewTest -->
