<?xml version="1.0" encoding="UTF-8"?>
<!-- Generated by org.testng.reporters.JUnitReportReporter -->
<testsuite hostname="DESKTOP-0IP6PRG" failures="0" tests="2" name="Auto.TestCase1" time="0.005" errors="0" timestamp="2023-12-10T11:26:21 IST" skipped="0">
  <testcase classname="Auto.TestCase1" name="method1" time="0.002"/>
  <testcase classname="Auto.TestCase1" name="method2" time="0.003"/>
</testsuite> <!-- Auto.TestCase1 -->
