<?xml version="1.0" encoding="UTF-8"?>
<!-- Generated by org.testng.reporters.JUnitReportReporter -->
<testsuite hostname="DESKTOP-0IP6PRG" failures="0" tests="2" name="Auto.TestCase5" time="0.006" errors="0" timestamp="2023-12-10T11:35:25 IST" skipped="0">
  <testcase classname="Auto.TestCase5" name="method9" time="0.002"/>
  <testcase classname="Auto.TestCase5" name="method10" time="0.004"/>
</testsuite> <!-- Auto.TestCase5 -->
