<?xml version="1.0" encoding="UTF-8"?>
<!-- Generated by org.testng.reporters.JUnitReportReporter -->
<testsuite hostname="DESKTOP-0IP6PRG" failures="0" tests="2" name="Auto.TestCase6" time="0.003" errors="0" timestamp="2023-12-10T11:35:25 IST" skipped="0">
  <testcase classname="Auto.TestCase6" name="method11" time="0.002"/>
  <testcase classname="Auto.TestCase6" name="method12" time="0.001"/>
</testsuite> <!-- Auto.TestCase6 -->
