<?xml version="1.0" encoding="UTF-8"?>
<!-- Generated by org.testng.reporters.JUnitReportReporter -->
<testsuite hostname="DESKTOP-0IP6PRG" failures="0" tests="1" name="Auto.DataSupplier" time="1.078" errors="0" timestamp="2023-12-09T12:18:21 IST" skipped="0">
  <testcase classname="Auto.DataSupplier" name="ReadDataFromExcel" time="1.078"/>
</testsuite> <!-- Auto.DataSupplier -->
