<?xml version="1.0" encoding="UTF-8"?>
<!-- Generated by org.testng.reporters.JUnitReportReporter -->
<testsuite hostname="DESKTOP-0IP6PRG" failures="0" tests="101" name="Auto.TestCase3" time="0.338" errors="0" timestamp="2023-12-10T11:35:25 IST" skipped="0">
  <testcase classname="Auto.TestCase3" name="method5" time="0.003"/>
  <testcase classname="Auto.TestCase3" name="method5" time="0.012"/>
  <testcase classname="Auto.TestCase3" name="method5" time="0.003"/>
  <testcase classname="Auto.TestCase3" name="method5" time="0.004"/>
  <testcase classname="Auto.TestCase3" name="method5" time="0.003"/>
  <testcase classname="Auto.TestCase3" name="method5" time="0.002"/>
  <testcase classname="Auto.TestCase3" name="method5" time="0.002"/>
  <testcase classname="Auto.TestCase3" name="method5" time="0.004"/>
  <testcase classname="Auto.TestCase3" name="method5" time="0.001"/>
  <testcase classname="Auto.TestCase3" name="method5" time="0.001"/>
  <testcase classname="Auto.TestCase3" name="method5" time="0.004"/>
  <testcase classname="Auto.TestCase3" name="method5" time="0.004"/>
  <testcase classname="Auto.TestCase3" name="method5" time="0.003"/>
  <testcase classname="Auto.TestCase3" name="method5" time="0.004"/>
  <testcase classname="Auto.TestCase3" name="method5" time="0.003"/>
  <testcase classname="Auto.TestCase3" name="method5" time="0.003"/>
  <testcase classname="Auto.TestCase3" name="method5" time="0.003"/>
  <testcase classname="Auto.TestCase3" name="method5" time="0.003"/>
  <testcase classname="Auto.TestCase3" name="method5" time="0.005"/>
  <testcase classname="Auto.TestCase3" name="method5" time="0.001"/>
  <testcase classname="Auto.TestCase3" name="method5" time="0.008"/>
  <testcase classname="Auto.TestCase3" name="method5" time="0.004"/>
  <testcase classname="Auto.TestCase3" name="method5" time="0.003"/>
  <testcase classname="Auto.TestCase3" name="method5" time="0.001"/>
  <testcase classname="Auto.TestCase3" name="method5" time="0.003"/>
  <testcase classname="Auto.TestCase3" name="method5" time="0.002"/>
  <testcase classname="Auto.TestCase3" name="method5" time="0.004"/>
  <testcase classname="Auto.TestCase3" name="method5" time="0.003"/>
  <testcase classname="Auto.TestCase3" name="method5" time="0.004"/>
  <testcase classname="Auto.TestCase3" name="method5" time="0.006"/>
  <testcase classname="Auto.TestCase3" name="method5" time="0.006"/>
  <testcase classname="Auto.TestCase3" name="method5" time="0.001"/>
  <testcase classname="Auto.TestCase3" name="method5" time="0.001"/>
  <testcase classname="Auto.TestCase3" name="method5" time="0.002"/>
  <testcase classname="Auto.TestCase3" name="method5" time="0.001"/>
  <testcase classname="Auto.TestCase3" name="method5" time="0.006"/>
  <testcase classname="Auto.TestCase3" name="method5" time="0.004"/>
  <testcase classname="Auto.TestCase3" name="method5" time="0.003"/>
  <testcase classname="Auto.TestCase3" name="method5" time="0.002"/>
  <testcase classname="Auto.TestCase3" name="method5" time="0.008"/>
  <testcase classname="Auto.TestCase3" name="method5" time="0.004"/>
  <testcase classname="Auto.TestCase3" name="method5" time="0.002"/>
  <testcase classname="Auto.TestCase3" name="method5" time="0.003"/>
  <testcase classname="Auto.TestCase3" name="method5" time="0.002"/>
  <testcase classname="Auto.TestCase3" name="method5" time="0.002"/>
  <testcase classname="Auto.TestCase3" name="method5" time="0.002"/>
  <testcase classname="Auto.TestCase3" name="method5" time="0.004"/>
  <testcase classname="Auto.TestCase3" name="method5" time="0.004"/>
  <testcase classname="Auto.TestCase3" name="method5" time="0.001"/>
  <testcase classname="Auto.TestCase3" name="method5" time="0.003"/>
  <testcase classname="Auto.TestCase3" name="method5" time="0.003"/>
  <testcase classname="Auto.TestCase3" name="method5" time="0.003"/>
  <testcase classname="Auto.TestCase3" name="method5" time="0.002"/>
  <testcase classname="Auto.TestCase3" name="method5" time="0.004"/>
  <testcase classname="Auto.TestCase3" name="method5" time="0.001"/>
  <testcase classname="Auto.TestCase3" name="method5" time="0.004"/>
  <testcase classname="Auto.TestCase3" name="method5" time="0.001"/>
  <testcase classname="Auto.TestCase3" name="method5" time="0.003"/>
  <testcase classname="Auto.TestCase3" name="method5" time="0.006"/>
  <testcase classname="Auto.TestCase3" name="method5" time="0.003"/>
  <testcase classname="Auto.TestCase3" name="method5" time="0.003"/>
  <testcase classname="Auto.TestCase3" name="method5" time="0.008"/>
  <testcase classname="Auto.TestCase3" name="method5" time="0.001"/>
  <testcase classname="Auto.TestCase3" name="method5" time="0.005"/>
  <testcase classname="Auto.TestCase3" name="method5" time="0.005"/>
  <testcase classname="Auto.TestCase3" name="method5" time="0.005"/>
  <testcase classname="Auto.TestCase3" name="method5" time="0.008"/>
  <testcase classname="Auto.TestCase3" name="method5" time="0.002"/>
  <testcase classname="Auto.TestCase3" name="method5" time="0.005"/>
  <testcase classname="Auto.TestCase3" name="method5" time="0.003"/>
  <testcase classname="Auto.TestCase3" name="method5" time="0.002"/>
  <testcase classname="Auto.TestCase3" name="method5" time="0.002"/>
  <testcase classname="Auto.TestCase3" name="method5" time="0.002"/>
  <testcase classname="Auto.TestCase3" name="method5" time="0.002"/>
  <testcase classname="Auto.TestCase3" name="method5" time="0.003"/>
  <testcase classname="Auto.TestCase3" name="method5" time="0.004"/>
  <testcase classname="Auto.TestCase3" name="method5" time="0.004"/>
  <testcase classname="Auto.TestCase3" name="method5" time="0.001"/>
  <testcase classname="Auto.TestCase3" name="method5" time="0.003"/>
  <testcase classname="Auto.TestCase3" name="method5" time="0.003"/>
  <testcase classname="Auto.TestCase3" name="method5" time="0.002"/>
  <testcase classname="Auto.TestCase3" name="method5" time="0.004"/>
  <testcase classname="Auto.TestCase3" name="method5" time="0.004"/>
  <testcase classname="Auto.TestCase3" name="method5" time="0.007"/>
  <testcase classname="Auto.TestCase3" name="method5" time="0.001"/>
  <testcase classname="Auto.TestCase3" name="method5" time="0.002"/>
  <testcase classname="Auto.TestCase3" name="method5" time="0.003"/>
  <testcase classname="Auto.TestCase3" name="method5" time="0.008"/>
  <testcase classname="Auto.TestCase3" name="method5" time="0.005"/>
  <testcase classname="Auto.TestCase3" name="method5" time="0.003"/>
  <testcase classname="Auto.TestCase3" name="method5" time="0.003"/>
  <testcase classname="Auto.TestCase3" name="method6" time="0.002"/>
  <testcase classname="Auto.TestCase3" name="method5" time="0.006"/>
  <testcase classname="Auto.TestCase3" name="method5" time="0.002"/>
  <testcase classname="Auto.TestCase3" name="method5" time="0.004"/>
  <testcase classname="Auto.TestCase3" name="method5" time="0.003"/>
  <testcase classname="Auto.TestCase3" name="method5" time="0.002"/>
  <testcase classname="Auto.TestCase3" name="method5" time="0.001"/>
  <testcase classname="Auto.TestCase3" name="method5" time="0.004"/>
  <testcase classname="Auto.TestCase3" name="method5" time="0.002"/>
  <testcase classname="Auto.TestCase3" name="method5" time="0.002"/>
</testsuite> <!-- Auto.TestCase3 -->
