<?xml version="1.0" encoding="UTF-8"?>
<!-- Generated by org.testng.reporters.JUnitReportReporter -->
<testsuite hostname="DESKTOP-0IP6PRG" failures="0" tests="7" name="Auto.GroupTestNG" time="0.026" errors="0" timestamp="2023-12-08T14:29:48 IST" skipped="0">
  <testcase classname="Auto.GroupTestNG" name="Test7" time="0.002"/>
  <testcase classname="Auto.GroupTestNG" name="Test2" time="0.002"/>
  <testcase classname="Auto.GroupTestNG" name="Test3" time="0.003"/>
  <testcase classname="Auto.GroupTestNG" name="Test1" time="0.013"/>
  <testcase classname="Auto.GroupTestNG" name="Test4" time="0.002"/>
  <testcase classname="Auto.GroupTestNG" name="Test5" time="0.002"/>
  <testcase classname="Auto.GroupTestNG" name="Test6" time="0.002"/>
</testsuite> <!-- Auto.GroupTestNG -->
