<?xml version="1.0" encoding="UTF-8"?>
<!-- Generated by org.testng.reporters.JUnitReportReporter -->
<testsuite hostname="DESKTOP-0IP6PRG" failures="0" tests="1" name="TestingTestNG" time="5.397" errors="0" timestamp="2023-12-03T22:52:31 IST" skipped="0">
  <testcase classname="TestingTestNG" name="test2" time="5.397"/>
</testsuite> <!-- TestingTestNG -->
