<?xml version="1.0" encoding="UTF-8"?>
<!-- Generated by org.testng.reporters.JUnitReportReporter -->
<testsuite hostname="DESKTOP-0IP6PRG" failures="0" tests="2" name="Auto.TestCase2" time="0.005" errors="0" timestamp="2023-12-10T11:35:25 IST" skipped="0">
  <testcase classname="Auto.TestCase2" name="method3" time="0.003"/>
  <testcase classname="Auto.TestCase2" name="method4" time="0.002"/>
</testsuite> <!-- Auto.TestCase2 -->
