<?xml version="1.0" encoding="UTF-8"?>
<!-- Generated by org.testng.reporters.JUnitReportReporter -->
<testsuite hostname="DESKTOP-0IP6PRG" failures="0" tests="3" name="Auto.MapBasics" time="0.019" errors="0" timestamp="2023-12-10T14:11:15 IST" skipped="0">
  <testcase classname="Auto.MapBasics" name="takedatafromhashmap" time="0.004"/>
  <testcase classname="Auto.MapBasics" name="takedatafromhashmap" time="0.003"/>
  <testcase classname="Auto.MapBasics" name="takedatafromhashmap" time="0.012"/>
</testsuite> <!-- Auto.MapBasics -->
