<?xml version="1.0" encoding="UTF-8"?>
<!-- Generated by org.testng.reporters.JUnitReportReporter -->
<testsuite hostname="DESKTOP-0IP6PRG" failures="0" tests="2" name="Auto.TestCase4" time="0.005" errors="0" timestamp="2023-12-10T11:35:25 IST" skipped="0">
  <testcase classname="Auto.TestCase4" name="method8" time="0.001"/>
  <testcase classname="Auto.TestCase4" name="method7" time="0.004"/>
</testsuite> <!-- Auto.TestCase4 -->
